<?xml version="1.0" encoding="UTF-8"?>
<!-- Generated by org.testng.reporters.JUnitXMLReporter -->
<testsuite hostname="DESKTOP-ABHINAV" ignored="0" name="Validating User login" tests="3" failures="0" timestamp="2020-09-17T18:28:56 SGT" time="26.491" errors="0">
  <testcase name="runScenario" time="9.449" classname="io.cucumber.testng.AbstractTestNGCucumberTests"/>
  <testcase name="runScenario" time="8.48" classname="io.cucumber.testng.AbstractTestNGCucumberTests"/>
  <testcase name="runScenario" time="8.198" classname="io.cucumber.testng.AbstractTestNGCucumberTests"/>
</testsuite> <!-- Validating User login -->
