<?xml version="1.0" encoding="UTF-8"?>
<testng-results skipped="0" failed="0" ignored="0" total="3" passed="3">
  <reporter-output>
  </reporter-output>
  <suite name="Suite" duration-ms="26491" started-at="2020-09-17T18:28:30 SGT" finished-at="2020-09-17T18:28:56 SGT">
    <groups>
      <group name="cucumber">
        <method signature="AbstractTestNGCucumberTests.runScenario(io.cucumber.testng.PickleWrapper, io.cucumber.testng.FeatureWrapper)[pri:0, instance:TestRunner.Runner@2f943d71]" name="runScenario" class="io.cucumber.testng.AbstractTestNGCucumberTests"/>
      </group> <!-- cucumber -->
    </groups>
    <test name="Validating User login" duration-ms="26491" started-at="2020-09-17T18:28:30 SGT" finished-at="2020-09-17T18:28:56 SGT">
      <class name="TestRunner.Runner">
        <test-method status="PASS" signature="setUpClass()[pri:0, instance:TestRunner.Runner@2f943d71]" name="setUpClass" is-config="true" duration-ms="308" started-at="2020-09-17T18:28:30 SGT" finished-at="2020-09-17T18:28:30 SGT">
          <reporter-output>
          </reporter-output>
        </test-method> <!-- setUpClass -->
        <test-method status="PASS" signature="runScenario(io.cucumber.testng.PickleWrapper, io.cucumber.testng.FeatureWrapper)[pri:0, instance:TestRunner.Runner@2f943d71]" name="runScenario" duration-ms="9449" started-at="2020-09-17T18:28:30 SGT" description="Runs Cucumber Scenarios" data-provider="scenarios" finished-at="2020-09-17T18:28:39 SGT">
          <params>
            <param index="0">
              <value>
                <![CDATA["Verify TodoMVC user able to launch url and access todo list"]]>
              </value>
            </param>
            <param index="1">
              <value>
                <![CDATA["Optional[Verify TodoMVC List scenarios]"]]>
              </value>
            </param>
          </params>
          <reporter-output>
          </reporter-output>
        </test-method> <!-- runScenario -->
        <test-method status="PASS" signature="runScenario(io.cucumber.testng.PickleWrapper, io.cucumber.testng.FeatureWrapper)[pri:0, instance:TestRunner.Runner@2f943d71]" name="runScenario" duration-ms="8480" started-at="2020-09-17T18:28:39 SGT" description="Runs Cucumber Scenarios" data-provider="scenarios" finished-at="2020-09-17T18:28:48 SGT">
          <params>
            <param index="0">
              <value>
                <![CDATA["Verify to create list of three in todo items"]]>
              </value>
            </param>
            <param index="1">
              <value>
                <![CDATA["Optional[Verify TodoMVC List scenarios]"]]>
              </value>
            </param>
          </params>
          <reporter-output>
          </reporter-output>
        </test-method> <!-- runScenario -->
        <test-method status="PASS" signature="runScenario(io.cucumber.testng.PickleWrapper, io.cucumber.testng.FeatureWrapper)[pri:0, instance:TestRunner.Runner@2f943d71]" name="runScenario" duration-ms="8198" started-at="2020-09-17T18:28:48 SGT" description="Runs Cucumber Scenarios" data-provider="scenarios" finished-at="2020-09-17T18:28:56 SGT">
          <params>
            <param index="0">
              <value>
                <![CDATA["Verify to remove two items in todo items"]]>
              </value>
            </param>
            <param index="1">
              <value>
                <![CDATA["Optional[Verify TodoMVC List scenarios]"]]>
              </value>
            </param>
          </params>
          <reporter-output>
          </reporter-output>
        </test-method> <!-- runScenario -->
        <test-method status="PASS" signature="tearDownClass()[pri:0, instance:TestRunner.Runner@2f943d71]" name="tearDownClass" is-config="true" duration-ms="13" started-at="2020-09-17T18:28:56 SGT" finished-at="2020-09-17T18:28:56 SGT">
          <reporter-output>
          </reporter-output>
        </test-method> <!-- tearDownClass -->
      </class> <!-- TestRunner.Runner -->
    </test> <!-- Validating User login -->
  </suite> <!-- Suite -->
</testng-results>
